{"op_code": 0, "worker_id": "9ddba3f0-8029-4a71-92f8-b01f0bf2c8fb-18660", "study_name": "LSTM_ahead=14", "directions": [1]}
{"op_code": 4, "worker_id": "9ddba3f0-8029-4a71-92f8-b01f0bf2c8fb-18660", "study_id": 0, "datetime_start": "2024-05-25T16:53:11.608045"}
{"op_code": 5, "worker_id": "9ddba3f0-8029-4a71-92f8-b01f0bf2c8fb-18660", "trial_id": 0, "param_name": "n_a", "param_value_internal": 36.0, "distribution": "{\"name\": \"IntDistribution\", \"attributes\": {\"log\": false, \"step\": 1, \"low\": 1, \"high\": 64}}"}
{"op_code": 5, "worker_id": "9ddba3f0-8029-4a71-92f8-b01f0bf2c8fb-18660", "trial_id": 0, "param_name": "learning_rate", "param_value_internal": 0.0026938830192854116, "distribution": "{\"name\": \"FloatDistribution\", \"attributes\": {\"step\": null, \"low\": 0.0001, \"high\": 0.01, \"log\": true}}"}
{"op_code": 5, "worker_id": "9ddba3f0-8029-4a71-92f8-b01f0bf2c8fb-18660", "trial_id": 0, "param_name": "seq_len", "param_value_internal": 73.0, "distribution": "{\"name\": \"IntDistribution\", \"attributes\": {\"log\": false, \"step\": 1, \"low\": 1, \"high\": 120}}"}
{"op_code": 5, "worker_id": "9ddba3f0-8029-4a71-92f8-b01f0bf2c8fb-18660", "trial_id": 0, "param_name": "dropout", "param_value_internal": 0.10897663659937938, "distribution": "{\"name\": \"FloatDistribution\", \"attributes\": {\"step\": null, \"low\": 0.0, \"high\": 0.2, \"log\": false}}"}
{"op_code": 6, "worker_id": "9ddba3f0-8029-4a71-92f8-b01f0bf2c8fb-18660", "trial_id": 0, "state": 1, "values": [10.205956588163714], "datetime_complete": "2024-05-25T17:23:37.870205"}
{"op_code": 4, "worker_id": "9ddba3f0-8029-4a71-92f8-b01f0bf2c8fb-18660", "study_id": 0, "datetime_start": "2024-05-25T17:23:37.924053"}
{"op_code": 5, "worker_id": "9ddba3f0-8029-4a71-92f8-b01f0bf2c8fb-18660", "trial_id": 1, "param_name": "n_a", "param_value_internal": 28.0, "distribution": "{\"name\": \"IntDistribution\", \"attributes\": {\"log\": false, \"step\": 1, \"low\": 1, \"high\": 64}}"}
{"op_code": 5, "worker_id": "9ddba3f0-8029-4a71-92f8-b01f0bf2c8fb-18660", "trial_id": 1, "param_name": "learning_rate", "param_value_internal": 0.0019578897201213002, "distribution": "{\"name\": \"FloatDistribution\", \"attributes\": {\"step\": null, \"low\": 0.0001, \"high\": 0.01, \"log\": true}}"}
{"op_code": 5, "worker_id": "9ddba3f0-8029-4a71-92f8-b01f0bf2c8fb-18660", "trial_id": 1, "param_name": "seq_len", "param_value_internal": 53.0, "distribution": "{\"name\": \"IntDistribution\", \"attributes\": {\"log\": false, \"step\": 1, \"low\": 1, \"high\": 120}}"}
{"op_code": 5, "worker_id": "9ddba3f0-8029-4a71-92f8-b01f0bf2c8fb-18660", "trial_id": 1, "param_name": "dropout", "param_value_internal": 0.17835460015641597, "distribution": "{\"name\": \"FloatDistribution\", \"attributes\": {\"step\": null, \"low\": 0.0, \"high\": 0.2, \"log\": false}}"}
{"op_code": 6, "worker_id": "9ddba3f0-8029-4a71-92f8-b01f0bf2c8fb-18660", "trial_id": 1, "state": 1, "values": [15.420728195702017], "datetime_complete": "2024-05-25T17:42:53.464706"}
{"op_code": 4, "worker_id": "9ddba3f0-8029-4a71-92f8-b01f0bf2c8fb-18660", "study_id": 0, "datetime_start": "2024-05-25T17:42:53.521343"}
{"op_code": 5, "worker_id": "9ddba3f0-8029-4a71-92f8-b01f0bf2c8fb-18660", "trial_id": 2, "param_name": "n_a", "param_value_internal": 62.0, "distribution": "{\"name\": \"IntDistribution\", \"attributes\": {\"log\": false, \"step\": 1, \"low\": 1, \"high\": 64}}"}
{"op_code": 5, "worker_id": "9ddba3f0-8029-4a71-92f8-b01f0bf2c8fb-18660", "trial_id": 2, "param_name": "learning_rate", "param_value_internal": 0.0005846326121643416, "distribution": "{\"name\": \"FloatDistribution\", \"attributes\": {\"step\": null, \"low\": 0.0001, \"high\": 0.01, \"log\": true}}"}
{"op_code": 5, "worker_id": "9ddba3f0-8029-4a71-92f8-b01f0bf2c8fb-18660", "trial_id": 2, "param_name": "seq_len", "param_value_internal": 96.0, "distribution": "{\"name\": \"IntDistribution\", \"attributes\": {\"log\": false, \"step\": 1, \"low\": 1, \"high\": 120}}"}
{"op_code": 5, "worker_id": "9ddba3f0-8029-4a71-92f8-b01f0bf2c8fb-18660", "trial_id": 2, "param_name": "dropout", "param_value_internal": 0.1057789839505809, "distribution": "{\"name\": \"FloatDistribution\", \"attributes\": {\"step\": null, \"low\": 0.0, \"high\": 0.2, \"log\": false}}"}
{"op_code": 6, "worker_id": "9ddba3f0-8029-4a71-92f8-b01f0bf2c8fb-18660", "trial_id": 2, "state": 1, "values": [12.53417808391052], "datetime_complete": "2024-05-25T18:20:09.555244"}
{"op_code": 4, "worker_id": "9ddba3f0-8029-4a71-92f8-b01f0bf2c8fb-18660", "study_id": 0, "datetime_start": "2024-05-25T18:20:09.583222"}
{"op_code": 5, "worker_id": "9ddba3f0-8029-4a71-92f8-b01f0bf2c8fb-18660", "trial_id": 3, "param_name": "n_a", "param_value_internal": 37.0, "distribution": "{\"name\": \"IntDistribution\", \"attributes\": {\"log\": false, \"step\": 1, \"low\": 1, \"high\": 64}}"}
{"op_code": 5, "worker_id": "9ddba3f0-8029-4a71-92f8-b01f0bf2c8fb-18660", "trial_id": 3, "param_name": "learning_rate", "param_value_internal": 0.007098936257405904, "distribution": "{\"name\": \"FloatDistribution\", \"attributes\": {\"step\": null, \"low\": 0.0001, \"high\": 0.01, \"log\": true}}"}
{"op_code": 5, "worker_id": "9ddba3f0-8029-4a71-92f8-b01f0bf2c8fb-18660", "trial_id": 3, "param_name": "seq_len", "param_value_internal": 9.0, "distribution": "{\"name\": \"IntDistribution\", \"attributes\": {\"log\": false, \"step\": 1, \"low\": 1, \"high\": 120}}"}
{"op_code": 5, "worker_id": "9ddba3f0-8029-4a71-92f8-b01f0bf2c8fb-18660", "trial_id": 3, "param_name": "dropout", "param_value_internal": 0.017425859940308142, "distribution": "{\"name\": \"FloatDistribution\", \"attributes\": {\"step\": null, \"low\": 0.0, \"high\": 0.2, \"log\": false}}"}
{"op_code": 6, "worker_id": "9ddba3f0-8029-4a71-92f8-b01f0bf2c8fb-18660", "trial_id": 3, "state": 1, "values": [13.74822243618499], "datetime_complete": "2024-05-25T18:26:26.714114"}
{"op_code": 4, "worker_id": "9ddba3f0-8029-4a71-92f8-b01f0bf2c8fb-18660", "study_id": 0, "datetime_start": "2024-05-25T18:26:26.738464"}
{"op_code": 5, "worker_id": "9ddba3f0-8029-4a71-92f8-b01f0bf2c8fb-18660", "trial_id": 4, "param_name": "n_a", "param_value_internal": 2.0, "distribution": "{\"name\": \"IntDistribution\", \"attributes\": {\"log\": false, \"step\": 1, \"low\": 1, \"high\": 64}}"}
{"op_code": 5, "worker_id": "9ddba3f0-8029-4a71-92f8-b01f0bf2c8fb-18660", "trial_id": 4, "param_name": "learning_rate", "param_value_internal": 0.0046263628414755864, "distribution": "{\"name\": \"FloatDistribution\", \"attributes\": {\"step\": null, \"low\": 0.0001, \"high\": 0.01, \"log\": true}}"}
{"op_code": 5, "worker_id": "9ddba3f0-8029-4a71-92f8-b01f0bf2c8fb-18660", "trial_id": 4, "param_name": "seq_len", "param_value_internal": 94.0, "distribution": "{\"name\": \"IntDistribution\", \"attributes\": {\"log\": false, \"step\": 1, \"low\": 1, \"high\": 120}}"}
{"op_code": 5, "worker_id": "9ddba3f0-8029-4a71-92f8-b01f0bf2c8fb-18660", "trial_id": 4, "param_name": "dropout", "param_value_internal": 0.17400242964936385, "distribution": "{\"name\": \"FloatDistribution\", \"attributes\": {\"step\": null, \"low\": 0.0, \"high\": 0.2, \"log\": false}}"}
{"op_code": 6, "worker_id": "9ddba3f0-8029-4a71-92f8-b01f0bf2c8fb-18660", "trial_id": 4, "state": 1, "values": [27.049863755998445], "datetime_complete": "2024-05-25T18:44:10.093843"}
{"op_code": 4, "worker_id": "9ddba3f0-8029-4a71-92f8-b01f0bf2c8fb-18660", "study_id": 0, "datetime_start": "2024-05-25T18:44:10.124549"}
{"op_code": 5, "worker_id": "9ddba3f0-8029-4a71-92f8-b01f0bf2c8fb-18660", "trial_id": 5, "param_name": "n_a", "param_value_internal": 63.0, "distribution": "{\"name\": \"IntDistribution\", \"attributes\": {\"log\": false, \"step\": 1, \"low\": 1, \"high\": 64}}"}
{"op_code": 5, "worker_id": "9ddba3f0-8029-4a71-92f8-b01f0bf2c8fb-18660", "trial_id": 5, "param_name": "learning_rate", "param_value_internal": 0.00396567508177101, "distribution": "{\"name\": \"FloatDistribution\", \"attributes\": {\"step\": null, \"low\": 0.0001, \"high\": 0.01, \"log\": true}}"}
{"op_code": 5, "worker_id": "9ddba3f0-8029-4a71-92f8-b01f0bf2c8fb-18660", "trial_id": 5, "param_name": "seq_len", "param_value_internal": 56.0, "distribution": "{\"name\": \"IntDistribution\", \"attributes\": {\"log\": false, \"step\": 1, \"low\": 1, \"high\": 120}}"}
{"op_code": 5, "worker_id": "9ddba3f0-8029-4a71-92f8-b01f0bf2c8fb-18660", "trial_id": 5, "param_name": "dropout", "param_value_internal": 0.1561058352572911, "distribution": "{\"name\": \"FloatDistribution\", \"attributes\": {\"step\": null, \"low\": 0.0, \"high\": 0.2, \"log\": false}}"}
{"op_code": 6, "worker_id": "9ddba3f0-8029-4a71-92f8-b01f0bf2c8fb-18660", "trial_id": 5, "state": 1, "values": [13.717931538660599], "datetime_complete": "2024-05-25T19:09:48.318221"}
{"op_code": 4, "worker_id": "9ddba3f0-8029-4a71-92f8-b01f0bf2c8fb-18660", "study_id": 0, "datetime_start": "2024-05-25T19:09:48.351256"}
{"op_code": 5, "worker_id": "9ddba3f0-8029-4a71-92f8-b01f0bf2c8fb-18660", "trial_id": 6, "param_name": "n_a", "param_value_internal": 8.0, "distribution": "{\"name\": \"IntDistribution\", \"attributes\": {\"log\": false, \"step\": 1, \"low\": 1, \"high\": 64}}"}
{"op_code": 5, "worker_id": "9ddba3f0-8029-4a71-92f8-b01f0bf2c8fb-18660", "trial_id": 6, "param_name": "learning_rate", "param_value_internal": 0.001904767808428205, "distribution": "{\"name\": \"FloatDistribution\", \"attributes\": {\"step\": null, \"low\": 0.0001, \"high\": 0.01, \"log\": true}}"}
{"op_code": 5, "worker_id": "9ddba3f0-8029-4a71-92f8-b01f0bf2c8fb-18660", "trial_id": 6, "param_name": "seq_len", "param_value_internal": 18.0, "distribution": "{\"name\": \"IntDistribution\", \"attributes\": {\"log\": false, \"step\": 1, \"low\": 1, \"high\": 120}}"}
{"op_code": 5, "worker_id": "9ddba3f0-8029-4a71-92f8-b01f0bf2c8fb-18660", "trial_id": 6, "param_name": "dropout", "param_value_internal": 0.1889337834099168, "distribution": "{\"name\": \"FloatDistribution\", \"attributes\": {\"step\": null, \"low\": 0.0, \"high\": 0.2, \"log\": false}}"}
{"op_code": 6, "worker_id": "9ddba3f0-8029-4a71-92f8-b01f0bf2c8fb-18660", "trial_id": 6, "state": 1, "values": [25.651621579184727], "datetime_complete": "2024-05-25T19:16:44.170805"}
{"op_code": 4, "worker_id": "9ddba3f0-8029-4a71-92f8-b01f0bf2c8fb-18660", "study_id": 0, "datetime_start": "2024-05-25T19:16:44.186855"}
{"op_code": 5, "worker_id": "9ddba3f0-8029-4a71-92f8-b01f0bf2c8fb-18660", "trial_id": 7, "param_name": "n_a", "param_value_internal": 34.0, "distribution": "{\"name\": \"IntDistribution\", \"attributes\": {\"log\": false, \"step\": 1, \"low\": 1, \"high\": 64}}"}
{"op_code": 5, "worker_id": "9ddba3f0-8029-4a71-92f8-b01f0bf2c8fb-18660", "trial_id": 7, "param_name": "learning_rate", "param_value_internal": 0.0006750312521595928, "distribution": "{\"name\": \"FloatDistribution\", \"attributes\": {\"step\": null, \"low\": 0.0001, \"high\": 0.01, \"log\": true}}"}
{"op_code": 5, "worker_id": "9ddba3f0-8029-4a71-92f8-b01f0bf2c8fb-18660", "trial_id": 7, "param_name": "seq_len", "param_value_internal": 32.0, "distribution": "{\"name\": \"IntDistribution\", \"attributes\": {\"log\": false, \"step\": 1, \"low\": 1, \"high\": 120}}"}
{"op_code": 5, "worker_id": "9ddba3f0-8029-4a71-92f8-b01f0bf2c8fb-18660", "trial_id": 7, "param_name": "dropout", "param_value_internal": 0.15484673788684333, "distribution": "{\"name\": \"FloatDistribution\", \"attributes\": {\"step\": null, \"low\": 0.0, \"high\": 0.2, \"log\": false}}"}
