{"op_code": 0, "worker_id": "a18c7613-155d-4689-8b8a-013103ad521c-19624", "study_name": "LSTM_ahead=14", "directions": [1]}
{"op_code": 4, "worker_id": "a18c7613-155d-4689-8b8a-013103ad521c-19624", "study_id": 0, "datetime_start": "2024-05-25T16:52:12.629066"}
{"op_code": 5, "worker_id": "a18c7613-155d-4689-8b8a-013103ad521c-19624", "trial_id": 0, "param_name": "n_a", "param_value_internal": 36.0, "distribution": "{\"name\": \"IntDistribution\", \"attributes\": {\"log\": false, \"step\": 1, \"low\": 1, \"high\": 64}}"}
{"op_code": 5, "worker_id": "a18c7613-155d-4689-8b8a-013103ad521c-19624", "trial_id": 0, "param_name": "learning_rate", "param_value_internal": 0.0026938830192854116, "distribution": "{\"name\": \"FloatDistribution\", \"attributes\": {\"step\": null, \"low\": 0.0001, \"high\": 0.01, \"log\": true}}"}
{"op_code": 5, "worker_id": "a18c7613-155d-4689-8b8a-013103ad521c-19624", "trial_id": 0, "param_name": "seq_len", "param_value_internal": 73.0, "distribution": "{\"name\": \"IntDistribution\", \"attributes\": {\"log\": false, \"step\": 1, \"low\": 1, \"high\": 120}}"}
{"op_code": 5, "worker_id": "a18c7613-155d-4689-8b8a-013103ad521c-19624", "trial_id": 0, "param_name": "dropout", "param_value_internal": 0.10897663659937938, "distribution": "{\"name\": \"FloatDistribution\", \"attributes\": {\"step\": null, \"low\": 0.0, \"high\": 0.2, \"log\": false}}"}
{"op_code": 6, "worker_id": "a18c7613-155d-4689-8b8a-013103ad521c-19624", "trial_id": 0, "state": 1, "values": [20.534586970107004], "datetime_complete": "2024-05-25T17:22:27.032335"}
{"op_code": 4, "worker_id": "a18c7613-155d-4689-8b8a-013103ad521c-19624", "study_id": 0, "datetime_start": "2024-05-25T17:22:27.085201"}
{"op_code": 5, "worker_id": "a18c7613-155d-4689-8b8a-013103ad521c-19624", "trial_id": 1, "param_name": "n_a", "param_value_internal": 28.0, "distribution": "{\"name\": \"IntDistribution\", \"attributes\": {\"log\": false, \"step\": 1, \"low\": 1, \"high\": 64}}"}
{"op_code": 5, "worker_id": "a18c7613-155d-4689-8b8a-013103ad521c-19624", "trial_id": 1, "param_name": "learning_rate", "param_value_internal": 0.0019578897201213002, "distribution": "{\"name\": \"FloatDistribution\", \"attributes\": {\"step\": null, \"low\": 0.0001, \"high\": 0.01, \"log\": true}}"}
{"op_code": 5, "worker_id": "a18c7613-155d-4689-8b8a-013103ad521c-19624", "trial_id": 1, "param_name": "seq_len", "param_value_internal": 53.0, "distribution": "{\"name\": \"IntDistribution\", \"attributes\": {\"log\": false, \"step\": 1, \"low\": 1, \"high\": 120}}"}
{"op_code": 5, "worker_id": "a18c7613-155d-4689-8b8a-013103ad521c-19624", "trial_id": 1, "param_name": "dropout", "param_value_internal": 0.17835460015641597, "distribution": "{\"name\": \"FloatDistribution\", \"attributes\": {\"step\": null, \"low\": 0.0, \"high\": 0.2, \"log\": false}}"}
{"op_code": 6, "worker_id": "a18c7613-155d-4689-8b8a-013103ad521c-19624", "trial_id": 1, "state": 1, "values": [28.11202429432041], "datetime_complete": "2024-05-25T17:41:40.984613"}
{"op_code": 4, "worker_id": "a18c7613-155d-4689-8b8a-013103ad521c-19624", "study_id": 0, "datetime_start": "2024-05-25T17:41:41.045752"}
{"op_code": 5, "worker_id": "a18c7613-155d-4689-8b8a-013103ad521c-19624", "trial_id": 2, "param_name": "n_a", "param_value_internal": 62.0, "distribution": "{\"name\": \"IntDistribution\", \"attributes\": {\"log\": false, \"step\": 1, \"low\": 1, \"high\": 64}}"}
{"op_code": 5, "worker_id": "a18c7613-155d-4689-8b8a-013103ad521c-19624", "trial_id": 2, "param_name": "learning_rate", "param_value_internal": 0.0005846326121643416, "distribution": "{\"name\": \"FloatDistribution\", \"attributes\": {\"step\": null, \"low\": 0.0001, \"high\": 0.01, \"log\": true}}"}
{"op_code": 5, "worker_id": "a18c7613-155d-4689-8b8a-013103ad521c-19624", "trial_id": 2, "param_name": "seq_len", "param_value_internal": 96.0, "distribution": "{\"name\": \"IntDistribution\", \"attributes\": {\"log\": false, \"step\": 1, \"low\": 1, \"high\": 120}}"}
{"op_code": 5, "worker_id": "a18c7613-155d-4689-8b8a-013103ad521c-19624", "trial_id": 2, "param_name": "dropout", "param_value_internal": 0.1057789839505809, "distribution": "{\"name\": \"FloatDistribution\", \"attributes\": {\"step\": null, \"low\": 0.0, \"high\": 0.2, \"log\": false}}"}
{"op_code": 6, "worker_id": "a18c7613-155d-4689-8b8a-013103ad521c-19624", "trial_id": 2, "state": 1, "values": [21.987266695729907], "datetime_complete": "2024-05-25T18:19:01.885357"}
{"op_code": 4, "worker_id": "a18c7613-155d-4689-8b8a-013103ad521c-19624", "study_id": 0, "datetime_start": "2024-05-25T18:19:01.901358"}
{"op_code": 5, "worker_id": "a18c7613-155d-4689-8b8a-013103ad521c-19624", "trial_id": 3, "param_name": "n_a", "param_value_internal": 37.0, "distribution": "{\"name\": \"IntDistribution\", \"attributes\": {\"log\": false, \"step\": 1, \"low\": 1, \"high\": 64}}"}
{"op_code": 5, "worker_id": "a18c7613-155d-4689-8b8a-013103ad521c-19624", "trial_id": 3, "param_name": "learning_rate", "param_value_internal": 0.007098936257405904, "distribution": "{\"name\": \"FloatDistribution\", \"attributes\": {\"step\": null, \"low\": 0.0001, \"high\": 0.01, \"log\": true}}"}
{"op_code": 5, "worker_id": "a18c7613-155d-4689-8b8a-013103ad521c-19624", "trial_id": 3, "param_name": "seq_len", "param_value_internal": 9.0, "distribution": "{\"name\": \"IntDistribution\", \"attributes\": {\"log\": false, \"step\": 1, \"low\": 1, \"high\": 120}}"}
{"op_code": 5, "worker_id": "a18c7613-155d-4689-8b8a-013103ad521c-19624", "trial_id": 3, "param_name": "dropout", "param_value_internal": 0.017425859940308142, "distribution": "{\"name\": \"FloatDistribution\", \"attributes\": {\"step\": null, \"low\": 0.0, \"high\": 0.2, \"log\": false}}"}
{"op_code": 6, "worker_id": "a18c7613-155d-4689-8b8a-013103ad521c-19624", "trial_id": 3, "state": 1, "values": [31.708367436289397], "datetime_complete": "2024-05-25T18:25:28.068677"}
{"op_code": 4, "worker_id": "a18c7613-155d-4689-8b8a-013103ad521c-19624", "study_id": 0, "datetime_start": "2024-05-25T18:25:28.092522"}
{"op_code": 5, "worker_id": "a18c7613-155d-4689-8b8a-013103ad521c-19624", "trial_id": 4, "param_name": "n_a", "param_value_internal": 2.0, "distribution": "{\"name\": \"IntDistribution\", \"attributes\": {\"log\": false, \"step\": 1, \"low\": 1, \"high\": 64}}"}
{"op_code": 5, "worker_id": "a18c7613-155d-4689-8b8a-013103ad521c-19624", "trial_id": 4, "param_name": "learning_rate", "param_value_internal": 0.0046263628414755864, "distribution": "{\"name\": \"FloatDistribution\", \"attributes\": {\"step\": null, \"low\": 0.0001, \"high\": 0.01, \"log\": true}}"}
{"op_code": 5, "worker_id": "a18c7613-155d-4689-8b8a-013103ad521c-19624", "trial_id": 4, "param_name": "seq_len", "param_value_internal": 94.0, "distribution": "{\"name\": \"IntDistribution\", \"attributes\": {\"log\": false, \"step\": 1, \"low\": 1, \"high\": 120}}"}
{"op_code": 5, "worker_id": "a18c7613-155d-4689-8b8a-013103ad521c-19624", "trial_id": 4, "param_name": "dropout", "param_value_internal": 0.17400242964936385, "distribution": "{\"name\": \"FloatDistribution\", \"attributes\": {\"step\": null, \"low\": 0.0, \"high\": 0.2, \"log\": false}}"}
{"op_code": 6, "worker_id": "a18c7613-155d-4689-8b8a-013103ad521c-19624", "trial_id": 4, "state": 1, "values": [42.723012933213205], "datetime_complete": "2024-05-25T18:43:05.870886"}
{"op_code": 4, "worker_id": "a18c7613-155d-4689-8b8a-013103ad521c-19624", "study_id": 0, "datetime_start": "2024-05-25T18:43:05.897518"}
{"op_code": 5, "worker_id": "a18c7613-155d-4689-8b8a-013103ad521c-19624", "trial_id": 5, "param_name": "n_a", "param_value_internal": 63.0, "distribution": "{\"name\": \"IntDistribution\", \"attributes\": {\"log\": false, \"step\": 1, \"low\": 1, \"high\": 64}}"}
{"op_code": 5, "worker_id": "a18c7613-155d-4689-8b8a-013103ad521c-19624", "trial_id": 5, "param_name": "learning_rate", "param_value_internal": 0.00396567508177101, "distribution": "{\"name\": \"FloatDistribution\", \"attributes\": {\"step\": null, \"low\": 0.0001, \"high\": 0.01, \"log\": true}}"}
{"op_code": 5, "worker_id": "a18c7613-155d-4689-8b8a-013103ad521c-19624", "trial_id": 5, "param_name": "seq_len", "param_value_internal": 56.0, "distribution": "{\"name\": \"IntDistribution\", \"attributes\": {\"log\": false, \"step\": 1, \"low\": 1, \"high\": 120}}"}
{"op_code": 5, "worker_id": "a18c7613-155d-4689-8b8a-013103ad521c-19624", "trial_id": 5, "param_name": "dropout", "param_value_internal": 0.1561058352572911, "distribution": "{\"name\": \"FloatDistribution\", \"attributes\": {\"step\": null, \"low\": 0.0, \"high\": 0.2, \"log\": false}}"}
{"op_code": 6, "worker_id": "a18c7613-155d-4689-8b8a-013103ad521c-19624", "trial_id": 5, "state": 1, "values": [27.296393623947107], "datetime_complete": "2024-05-25T19:08:51.643183"}
{"op_code": 4, "worker_id": "a18c7613-155d-4689-8b8a-013103ad521c-19624", "study_id": 0, "datetime_start": "2024-05-25T19:08:51.669962"}
{"op_code": 5, "worker_id": "a18c7613-155d-4689-8b8a-013103ad521c-19624", "trial_id": 6, "param_name": "n_a", "param_value_internal": 8.0, "distribution": "{\"name\": \"IntDistribution\", \"attributes\": {\"log\": false, \"step\": 1, \"low\": 1, \"high\": 64}}"}
{"op_code": 5, "worker_id": "a18c7613-155d-4689-8b8a-013103ad521c-19624", "trial_id": 6, "param_name": "learning_rate", "param_value_internal": 0.001904767808428205, "distribution": "{\"name\": \"FloatDistribution\", \"attributes\": {\"step\": null, \"low\": 0.0001, \"high\": 0.01, \"log\": true}}"}
{"op_code": 5, "worker_id": "a18c7613-155d-4689-8b8a-013103ad521c-19624", "trial_id": 6, "param_name": "seq_len", "param_value_internal": 18.0, "distribution": "{\"name\": \"IntDistribution\", \"attributes\": {\"log\": false, \"step\": 1, \"low\": 1, \"high\": 120}}"}
{"op_code": 5, "worker_id": "a18c7613-155d-4689-8b8a-013103ad521c-19624", "trial_id": 6, "param_name": "dropout", "param_value_internal": 0.1889337834099168, "distribution": "{\"name\": \"FloatDistribution\", \"attributes\": {\"step\": null, \"low\": 0.0, \"high\": 0.2, \"log\": false}}"}
{"op_code": 6, "worker_id": "a18c7613-155d-4689-8b8a-013103ad521c-19624", "trial_id": 6, "state": 1, "values": [31.396820473025997], "datetime_complete": "2024-05-25T19:15:49.957624"}
{"op_code": 4, "worker_id": "a18c7613-155d-4689-8b8a-013103ad521c-19624", "study_id": 0, "datetime_start": "2024-05-25T19:15:49.989829"}
{"op_code": 5, "worker_id": "a18c7613-155d-4689-8b8a-013103ad521c-19624", "trial_id": 7, "param_name": "n_a", "param_value_internal": 34.0, "distribution": "{\"name\": \"IntDistribution\", \"attributes\": {\"log\": false, \"step\": 1, \"low\": 1, \"high\": 64}}"}
{"op_code": 5, "worker_id": "a18c7613-155d-4689-8b8a-013103ad521c-19624", "trial_id": 7, "param_name": "learning_rate", "param_value_internal": 0.0006750312521595928, "distribution": "{\"name\": \"FloatDistribution\", \"attributes\": {\"step\": null, \"low\": 0.0001, \"high\": 0.01, \"log\": true}}"}
{"op_code": 5, "worker_id": "a18c7613-155d-4689-8b8a-013103ad521c-19624", "trial_id": 7, "param_name": "seq_len", "param_value_internal": 32.0, "distribution": "{\"name\": \"IntDistribution\", \"attributes\": {\"log\": false, \"step\": 1, \"low\": 1, \"high\": 120}}"}
{"op_code": 5, "worker_id": "a18c7613-155d-4689-8b8a-013103ad521c-19624", "trial_id": 7, "param_name": "dropout", "param_value_internal": 0.15484673788684333, "distribution": "{\"name\": \"FloatDistribution\", \"attributes\": {\"step\": null, \"low\": 0.0, \"high\": 0.2, \"log\": false}}"}
